Línea 794: la clase FPSpread.vaSpread del control sprEzeA no era una clase de control cargada.
Línea 803: la clase FPSpread.vaSpread del control sprEzeA no era una clase de control cargada.
Línea 818: la clase FPSpread.vaSpread del control sprEzeA no era una clase de control cargada.
Línea 834: la clase FPSpread.vaSpread del control sprEzeAPorc no era una clase de control cargada.
Línea 850: la clase FPSpread.vaSpread del control sprEzeA no era una clase de control cargada.
Línea 866: la clase FPSpread.vaSpread del control sprEzeAPorc no era una clase de control cargada.
Línea 882: la clase FPSpread.vaSpread del control sprEzeA no era una clase de control cargada.
Línea 898: la clase FPSpread.vaSpread del control sprEzeAPorc no era una clase de control cargada.
Línea 968: la clase FPSpread.vaSpread del control sprEzeB no era una clase de control cargada.
Línea 977: la clase FPSpread.vaSpread del control sprEzeB no era una clase de control cargada.
Línea 992: la clase FPSpread.vaSpread del control sprEzeB no era una clase de control cargada.
Línea 1008: la clase FPSpread.vaSpread del control sprEzeB no era una clase de control cargada.
Línea 1024: la clase FPSpread.vaSpread del control sprEzeB no era una clase de control cargada.
Línea 1040: la clase FPSpread.vaSpread del control sprEzeBPorc no era una clase de control cargada.
Línea 1056: la clase FPSpread.vaSpread del control sprEzeBPorc no era una clase de control cargada.
Línea 1072: la clase FPSpread.vaSpread del control sprEzeBPorc no era una clase de control cargada.
Línea 1142: la clase FPSpread.vaSpread del control sprAep no era una clase de control cargada.
Línea 1151: la clase FPSpread.vaSpread del control sprAep no era una clase de control cargada.
Línea 1166: la clase FPSpread.vaSpread del control sprAep no era una clase de control cargada.
Línea 1182: la clase FPSpread.vaSpread del control sprAep no era una clase de control cargada.
Línea 1198: la clase FPSpread.vaSpread del control sprAep no era una clase de control cargada.
Línea 1214: la clase FPSpread.vaSpread del control sprAepPorc no era una clase de control cargada.
Línea 1230: la clase FPSpread.vaSpread del control sprAepPorc no era una clase de control cargada.
Línea 1246: la clase FPSpread.vaSpread del control sprAepPorc no era una clase de control cargada.
