Línea 167: la clase FPSpread.vaSpread del control sprInt no era una clase de control cargada.
Línea 176: la clase FPSpread.vaSpread del control sprInt no era una clase de control cargada.
Línea 191: la clase FPSpread.vaSpread del control sprInt no era una clase de control cargada.
Línea 207: la clase FPSpread.vaSpread del control sprInt no era una clase de control cargada.
Línea 223: la clase FPSpread.vaSpread del control sprINTPorc no era una clase de control cargada.
Línea 239: la clase FPSpread.vaSpread del control sprINTPorc no era una clase de control cargada.
Línea 255: la clase FPSpread.vaSpread del control sprInt no era una clase de control cargada.
Línea 271: la clase FPSpread.vaSpread del control sprINTPorc no era una clase de control cargada.
Línea 341: la clase FPSpread.vaSpread del control sprEzeA no era una clase de control cargada.
Línea 350: la clase FPSpread.vaSpread del control sprEzeA no era una clase de control cargada.
Línea 365: la clase FPSpread.vaSpread del control sprEzeA no era una clase de control cargada.
Línea 381: la clase FPSpread.vaSpread del control sprEzeA no era una clase de control cargada.
Línea 397: la clase FPSpread.vaSpread del control sprEzeAporc no era una clase de control cargada.
Línea 413: la clase FPSpread.vaSpread del control sprEzeA no era una clase de control cargada.
Línea 429: la clase FPSpread.vaSpread del control sprEzeAporc no era una clase de control cargada.
Línea 445: la clase FPSpread.vaSpread del control sprEzeAporc no era una clase de control cargada.
Línea 867: la clase FPSpread.vaSpread del control sprEzeB no era una clase de control cargada.
Línea 876: la clase FPSpread.vaSpread del control sprEzeB no era una clase de control cargada.
Línea 891: la clase FPSpread.vaSpread del control sprEzeB no era una clase de control cargada.
Línea 907: la clase FPSpread.vaSpread del control sprEzeB no era una clase de control cargada.
Línea 923: la clase FPSpread.vaSpread del control sprEzeBPorc no era una clase de control cargada.
Línea 939: la clase FPSpread.vaSpread del control sprEzeB no era una clase de control cargada.
Línea 955: la clase FPSpread.vaSpread del control sprEzeBPorc no era una clase de control cargada.
Línea 971: la clase FPSpread.vaSpread del control sprEzeBPorc no era una clase de control cargada.
Línea 1041: la clase FPSpread.vaSpread del control sprAep no era una clase de control cargada.
Línea 1050: la clase FPSpread.vaSpread del control sprAep no era una clase de control cargada.
Línea 1065: la clase FPSpread.vaSpread del control sprAep no era una clase de control cargada.
Línea 1081: la clase FPSpread.vaSpread del control sprAepPorc no era una clase de control cargada.
Línea 1097: la clase FPSpread.vaSpread del control sprAep no era una clase de control cargada.
Línea 1113: la clase FPSpread.vaSpread del control sprAepPorc no era una clase de control cargada.
Línea 1129: la clase FPSpread.vaSpread del control sprAep no era una clase de control cargada.
Línea 1145: la clase FPSpread.vaSpread del control sprAepPorc no era una clase de control cargada.
