Línea 89: la clase Crystal.CrystalReport del control rptform no era una clase de control cargada.
Línea 136: la clase FPSpread.vaSpread del control SprTot no era una clase de control cargada.
Línea 145: la clase FPSpread.vaSpread del control SprTot no era una clase de control cargada.
Línea 154: la clase FPSpread.vaSpread del control SprTot no era una clase de control cargada.
Línea 214: la clase FPSpread.vaSpread del control SprEzeA no era una clase de control cargada.
Línea 223: la clase FPSpread.vaSpread del control SprTot no era una clase de control cargada.
Línea 232: la clase FPSpread.vaSpread del control SprTot no era una clase de control cargada.
Línea 241: la clase FPSpread.vaSpread del control SprEzeA no era una clase de control cargada.
Línea 250: la clase FPSpread.vaSpread del control SprEzeA no era una clase de control cargada.
Línea 299: la clase FPSpread.vaSpread del control SprEzeA no era una clase de control cargada.
Línea 308: la clase FPSpread.vaSpread del control SprEzeA no era una clase de control cargada.
Línea 317: la clase FPSpread.vaSpread del control SprTot no era una clase de control cargada.
Línea 326: la clase FPSpread.vaSpread del control SprTot no era una clase de control cargada.
Línea 335: la clase FPSpread.vaSpread del control SprEzeB no era una clase de control cargada.
Línea 344: la clase FPSpread.vaSpread del control SprEzeB no era una clase de control cargada.
Línea 353: la clase FPSpread.vaSpread del control SprEzeB no era una clase de control cargada.
Línea 402: la clase FPSpread.vaSpread del control SprEzeB no era una clase de control cargada.
Línea 411: la clase FPSpread.vaSpread del control SprEzeB no era una clase de control cargada.
Línea 420: la clase FPSpread.vaSpread del control SprAep no era una clase de control cargada.
Línea 429: la clase FPSpread.vaSpread del control SprTot no era una clase de control cargada.
Línea 438: la clase FPSpread.vaSpread del control SprTot no era una clase de control cargada.
Línea 447: la clase FPSpread.vaSpread del control SprEzeA no era una clase de control cargada.
Línea 456: la clase FPSpread.vaSpread del control SprEzeA no era una clase de control cargada.
Línea 465: la clase FPSpread.vaSpread del control SprAep no era una clase de control cargada.
Línea 474: la clase FPSpread.vaSpread del control SprAep no era una clase de control cargada.
Línea 523: la clase FPSpread.vaSpread del control SprAep no era una clase de control cargada.
Línea 532: la clase FPSpread.vaSpread del control SprAep no era una clase de control cargada.
Línea 541: la clase FPSpread.vaSpread del control SprEzeA no era una clase de control cargada.
Línea 550: la clase FPSpread.vaSpread del control SprEzeA no era una clase de control cargada.
Línea 559: la clase FPSpread.vaSpread del control SprTot no era una clase de control cargada.
Línea 568: la clase FPSpread.vaSpread del control SprTot no era una clase de control cargada.
Línea 577: la clase FPSpread.vaSpread del control SprInt no era una clase de control cargada.
Línea 586: la clase FPSpread.vaSpread del control SprEzeB no era una clase de control cargada.
Línea 595: la clase FPSpread.vaSpread del control SprEzeB no era una clase de control cargada.
Línea 604: la clase FPSpread.vaSpread del control SprInt no era una clase de control cargada.
Línea 613: la clase FPSpread.vaSpread del control SprInt no era una clase de control cargada.
