Línea 452: la clase FPSpread.vaSpread del control SprInt no era una clase de control cargada.
Línea 461: la clase FPSpread.vaSpread del control SprInt no era una clase de control cargada.
Línea 470: la clase FPSpread.vaSpread del control SprInt no era una clase de control cargada.
Línea 520: la clase FPSpread.vaSpread del control SprInt no era una clase de control cargada.
Línea 529: la clase FPSpread.vaSpread del control SprInt no era una clase de control cargada.
Línea 538: la clase FPSpread.vaSpread del control SprInt no era una clase de control cargada.
Línea 588: la clase FPSpread.vaSpread del control SprInt no era una clase de control cargada.
Línea 597: la clase FPSpread.vaSpread del control SprInt no era una clase de control cargada.
Línea 606: la clase FPSpread.vaSpread del control SprInt no era una clase de control cargada.
Línea 697: la clase FPSpread.vaSpread del control SprAep no era una clase de control cargada.
Línea 706: la clase FPSpread.vaSpread del control SprAep no era una clase de control cargada.
Línea 715: la clase FPSpread.vaSpread del control SprAep no era una clase de control cargada.
Línea 765: la clase FPSpread.vaSpread del control SprAep no era una clase de control cargada.
Línea 774: la clase FPSpread.vaSpread del control SprAep no era una clase de control cargada.
Línea 783: la clase FPSpread.vaSpread del control SprAep no era una clase de control cargada.
Línea 833: la clase FPSpread.vaSpread del control SprAep no era una clase de control cargada.
Línea 842: la clase FPSpread.vaSpread del control SprAep no era una clase de control cargada.
Línea 851: la clase FPSpread.vaSpread del control SprAep no era una clase de control cargada.
Línea 942: la clase FPSpread.vaSpread del control SprEzeB no era una clase de control cargada.
Línea 951: la clase FPSpread.vaSpread del control SprEzeB no era una clase de control cargada.
Línea 960: la clase FPSpread.vaSpread del control SprEzeB no era una clase de control cargada.
Línea 1010: la clase FPSpread.vaSpread del control SprEzeB no era una clase de control cargada.
Línea 1019: la clase FPSpread.vaSpread del control SprEzeB no era una clase de control cargada.
Línea 1028: la clase FPSpread.vaSpread del control SprEzeB no era una clase de control cargada.
Línea 1078: la clase FPSpread.vaSpread del control SprEzeB no era una clase de control cargada.
Línea 1087: la clase FPSpread.vaSpread del control SprEzeB no era una clase de control cargada.
Línea 1096: la clase FPSpread.vaSpread del control SprEzeB no era una clase de control cargada.
Línea 1187: la clase FPSpread.vaSpread del control SprEzeA no era una clase de control cargada.
Línea 1196: la clase FPSpread.vaSpread del control SprEzeA no era una clase de control cargada.
Línea 1205: la clase FPSpread.vaSpread del control SprEzeA no era una clase de control cargada.
Línea 1255: la clase FPSpread.vaSpread del control SprEzeA no era una clase de control cargada.
Línea 1264: la clase FPSpread.vaSpread del control SprEzeA no era una clase de control cargada.
Línea 1273: la clase FPSpread.vaSpread del control SprEzeA no era una clase de control cargada.
Línea 1323: la clase FPSpread.vaSpread del control SprEzeA no era una clase de control cargada.
Línea 1332: la clase FPSpread.vaSpread del control SprEzeA no era una clase de control cargada.
Línea 1341: la clase FPSpread.vaSpread del control SprEzeA no era una clase de control cargada.
Línea 1465: la clase FPSpread.vaSpread del control SprTot no era una clase de control cargada.
Línea 1474: la clase FPSpread.vaSpread del control SprTot no era una clase de control cargada.
Línea 1483: la clase FPSpread.vaSpread del control SprTot no era una clase de control cargada.
Línea 1575: la clase FPSpread.vaSpread del control SprTot no era una clase de control cargada.
Línea 1584: la clase FPSpread.vaSpread del control SprTot no era una clase de control cargada.
Línea 1593: la clase FPSpread.vaSpread del control SprTot no era una clase de control cargada.
Línea 1643: la clase FPSpread.vaSpread del control SprTot no era una clase de control cargada.
Línea 1652: la clase FPSpread.vaSpread del control SprTot no era una clase de control cargada.
Línea 1661: la clase FPSpread.vaSpread del control SprTot no era una clase de control cargada.
Línea 1672: la clase Crystal.CrystalReport del control rptform no era una clase de control cargada.
