Línea 327: la clase FPSpread.vaSpread del control sprPago no era una clase de control cargada.
Línea 336: la clase FPSpread.vaSpread del control sprPago no era una clase de control cargada.
Línea 345: la clase FPSpread.vaSpread del control sprPago no era una clase de control cargada.
Línea 1423: la clase FPSpread.vaSpread del control sprVtasInt no era una clase de control cargada.
Línea 1431: la clase FPSpread.vaSpread del control SprTotalBsAs no era una clase de control cargada.
Línea 1439: la clase FPSpread.vaSpread del control SprVtasEzeA no era una clase de control cargada.
Línea 1447: la clase FPSpread.vaSpread del control SprVtasAep no era una clase de control cargada.
Línea 1455: la clase FPSpread.vaSpread del control SprVtasEzeB no era una clase de control cargada.
Línea 1463: la clase FPSpread.vaSpread del control SprVtasEzeAS no era una clase de control cargada.
Línea 1634: la clase FPSpread.vaSpread del control SprInt no era una clase de control cargada.
Línea 1643: la clase FPSpread.vaSpread del control SprInt no era una clase de control cargada.
Línea 1652: la clase FPSpread.vaSpread del control SprInt no era una clase de control cargada.
Línea 1756: la clase FPSpread.vaSpread del control SprTotal no era una clase de control cargada.
Línea 1765: la clase FPSpread.vaSpread del control SprTotal no era una clase de control cargada.
Línea 1774: la clase FPSpread.vaSpread del control SprTotal no era una clase de control cargada.
Línea 1823: la clase FPSpread.vaSpread del control SprEzeA no era una clase de control cargada.
Línea 1832: la clase FPSpread.vaSpread del control SprEzeA no era una clase de control cargada.
Línea 1841: la clase FPSpread.vaSpread del control SprEzeA no era una clase de control cargada.
Línea 1890: la clase FPSpread.vaSpread del control SprEzeAS no era una clase de control cargada.
Línea 1899: la clase FPSpread.vaSpread del control SprEzeAS no era una clase de control cargada.
Línea 1908: la clase FPSpread.vaSpread del control SprEzeAS no era una clase de control cargada.
Línea 1957: la clase FPSpread.vaSpread del control SprEzeB no era una clase de control cargada.
Línea 1966: la clase FPSpread.vaSpread del control SprEzeB no era una clase de control cargada.
Línea 1975: la clase FPSpread.vaSpread del control SprEzeB no era una clase de control cargada.
Línea 2024: la clase FPSpread.vaSpread del control SprAep no era una clase de control cargada.
Línea 2033: la clase FPSpread.vaSpread del control SprAep no era una clase de control cargada.
Línea 2042: la clase FPSpread.vaSpread del control SprAep no era una clase de control cargada.
Línea 2051: la clase FPSpread.vaSpread del control SprAep no era una clase de control cargada.
Línea 2060: la clase FPSpread.vaSpread del control SprAep no era una clase de control cargada.
Línea 331: el nombre de la propiedad OleObjectBlob de sprPago no es válido.
Línea 340: el nombre de la propiedad OleObjectBlob de sprPago no es válido.
Línea 349: el nombre de la propiedad OleObjectBlob de sprPago no es válido.
Línea 1426: el nombre de la propiedad OleObjectBlob de sprVtasInt no es válido.
Línea 1434: el nombre de la propiedad OleObjectBlob de SprTotalBsAs no es válido.
Línea 1442: el nombre de la propiedad OleObjectBlob de SprVtasEzeA no es válido.
Línea 1450: el nombre de la propiedad OleObjectBlob de SprVtasAep no es válido.
Línea 1458: el nombre de la propiedad OleObjectBlob de SprVtasEzeB no es válido.
Línea 1466: el nombre de la propiedad OleObjectBlob de SprVtasEzeAS no es válido.
Línea 1638: el nombre de la propiedad OleObjectBlob de SprInt no es válido.
Línea 1647: el nombre de la propiedad OleObjectBlob de SprInt no es válido.
Línea 1656: el nombre de la propiedad OleObjectBlob de SprInt no es válido.
Línea 1760: el nombre de la propiedad OleObjectBlob de SprTotal no es válido.
Línea 1769: el nombre de la propiedad OleObjectBlob de SprTotal no es válido.
Línea 1778: el nombre de la propiedad OleObjectBlob de SprTotal no es válido.
Línea 1827: el nombre de la propiedad OleObjectBlob de SprEzeA no es válido.
Línea 1836: el nombre de la propiedad OleObjectBlob de SprEzeA no es válido.
Línea 1845: el nombre de la propiedad OleObjectBlob de SprEzeA no es válido.
Línea 1894: el nombre de la propiedad OleObjectBlob de SprEzeAS no es válido.
Línea 1903: el nombre de la propiedad OleObjectBlob de SprEzeAS no es válido.
Línea 1912: el nombre de la propiedad OleObjectBlob de SprEzeAS no es válido.
Línea 1961: el nombre de la propiedad OleObjectBlob de SprEzeB no es válido.
Línea 1970: el nombre de la propiedad OleObjectBlob de SprEzeB no es válido.
Línea 1979: el nombre de la propiedad OleObjectBlob de SprEzeB no es válido.
Línea 2028: el nombre de la propiedad OleObjectBlob de SprAep no es válido.
Línea 2037: el nombre de la propiedad OleObjectBlob de SprAep no es válido.
Línea 2046: el nombre de la propiedad OleObjectBlob de SprAep no es válido.
Línea 2055: el nombre de la propiedad OleObjectBlob de SprAep no es válido.
Línea 2064: el nombre de la propiedad OleObjectBlob de SprAep no es válido.
