Línea 693: la clase FPSpread.vaSpread del control sprTotImp no era una clase de control cargada.
Línea 709: la clase FPSpread.vaSpread del control sprTotPorc no era una clase de control cargada.
Línea 726: la clase FPSpread.vaSpread del control sprTotUnid no era una clase de control cargada.
Línea 742: la clase FPSpread.vaSpread del control sprTotPorc no era una clase de control cargada.
Línea 875: la clase FPSpread.vaSpread del control sprInt no era una clase de control cargada.
Línea 891: la clase FPSpread.vaSpread del control sprIntPorc no era una clase de control cargada.
Línea 907: la clase FPSpread.vaSpread del control sprInt no era una clase de control cargada.
Línea 923: la clase FPSpread.vaSpread del control sprIntPorc no era una clase de control cargada.
Línea 1210: la clase FPSpread.vaSpread del control sprEzeB no era una clase de control cargada.
Línea 1226: la clase FPSpread.vaSpread del control sprEzeBPorc no era una clase de control cargada.
Línea 1242: la clase FPSpread.vaSpread del control sprEzeB no era una clase de control cargada.
Línea 1258: la clase FPSpread.vaSpread del control sprEzeBPorc no era una clase de control cargada.
Línea 1314: la clase FPSpread.vaSpread del control sprEzeA no era una clase de control cargada.
Línea 1330: la clase FPSpread.vaSpread del control sprEzeAPorc no era una clase de control cargada.
Línea 1346: la clase FPSpread.vaSpread del control sprEzeA no era una clase de control cargada.
Línea 1362: la clase FPSpread.vaSpread del control sprEzeAPorc no era una clase de control cargada.
Línea 1418: la clase FPSpread.vaSpread del control sprAep no era una clase de control cargada.
Línea 1434: la clase FPSpread.vaSpread del control sprAepPorc no era una clase de control cargada.
Línea 1450: la clase FPSpread.vaSpread del control sprAep no era una clase de control cargada.
Línea 1466: la clase FPSpread.vaSpread del control sprAepPorc no era una clase de control cargada.
