Línea 380: la clase FPSpread.vaSpread del control sprRes no era una clase de control cargada.
Línea 396: la clase FPSpread.vaSpread del control sprRes no era una clase de control cargada.
Línea 412: la clase FPSpread.vaSpread del control sprResPorc no era una clase de control cargada.
Línea 428: la clase FPSpread.vaSpread del control sprResPorc no era una clase de control cargada.
Línea 841: la clase FPSpread.vaSpread del control sprInt no era una clase de control cargada.
Línea 857: la clase FPSpread.vaSpread del control SprIntPorc no era una clase de control cargada.
Línea 873: la clase FPSpread.vaSpread del control sprInt no era una clase de control cargada.
Línea 889: la clase FPSpread.vaSpread del control SprIntPorc no era una clase de control cargada.
Línea 1371: la clase FPSpread.vaSpread del control sprEzeA no era una clase de control cargada.
Línea 1387: la clase FPSpread.vaSpread del control sprEzeAPorc no era una clase de control cargada.
Línea 1403: la clase FPSpread.vaSpread del control sprEzeA no era una clase de control cargada.
Línea 1419: la clase FPSpread.vaSpread del control sprEzeAPorc no era una clase de control cargada.
Línea 1485: la clase FPSpread.vaSpread del control sprAep no era una clase de control cargada.
Línea 1501: la clase FPSpread.vaSpread del control sprAepPorc no era una clase de control cargada.
Línea 1517: la clase FPSpread.vaSpread del control sprAep no era una clase de control cargada.
Línea 1533: la clase FPSpread.vaSpread del control sprAepPorc no era una clase de control cargada.
Línea 1589: la clase FPSpread.vaSpread del control sprEzeB no era una clase de control cargada.
Línea 1605: la clase FPSpread.vaSpread del control sprEzeBPorc no era una clase de control cargada.
Línea 1621: la clase FPSpread.vaSpread del control sprEzeB no era una clase de control cargada.
Línea 1637: la clase FPSpread.vaSpread del control sprEzeBPorc no era una clase de control cargada.
