Línea 308: la clase FPSpread.vaSpread del control sprTot no era una clase de control cargada.
Línea 317: la clase FPSpread.vaSpread del control sprTot no era una clase de control cargada.
Línea 326: la clase FPSpread.vaSpread del control sprTot no era una clase de control cargada.
Línea 335: la clase FPSpread.vaSpread del control sprTot no era una clase de control cargada.
Línea 344: la clase FPSpread.vaSpread del control sprTot no era una clase de control cargada.
Línea 353: la clase FPSpread.vaSpread del control sprTot no era una clase de control cargada.
Línea 423: la clase FPSpread.vaSpread del control sprA no era una clase de control cargada.
Línea 432: la clase FPSpread.vaSpread del control sprA no era una clase de control cargada.
Línea 441: la clase FPSpread.vaSpread del control sprA no era una clase de control cargada.
Línea 450: la clase FPSpread.vaSpread del control sprA no era una clase de control cargada.
Línea 459: la clase FPSpread.vaSpread del control sprA no era una clase de control cargada.
Línea 468: la clase FPSpread.vaSpread del control sprA no era una clase de control cargada.
Línea 538: la clase FPSpread.vaSpread del control sprAS no era una clase de control cargada.
Línea 547: la clase FPSpread.vaSpread del control sprAS no era una clase de control cargada.
Línea 556: la clase FPSpread.vaSpread del control sprAS no era una clase de control cargada.
Línea 565: la clase FPSpread.vaSpread del control sprAS no era una clase de control cargada.
Línea 574: la clase FPSpread.vaSpread del control sprAS no era una clase de control cargada.
Línea 583: la clase FPSpread.vaSpread del control sprAS no era una clase de control cargada.
Línea 653: la clase FPSpread.vaSpread del control sprB no era una clase de control cargada.
Línea 662: la clase FPSpread.vaSpread del control sprB no era una clase de control cargada.
Línea 671: la clase FPSpread.vaSpread del control sprB no era una clase de control cargada.
Línea 680: la clase FPSpread.vaSpread del control sprB no era una clase de control cargada.
Línea 689: la clase FPSpread.vaSpread del control sprB no era una clase de control cargada.
Línea 698: la clase FPSpread.vaSpread del control sprB no era una clase de control cargada.
Línea 768: la clase FPSpread.vaSpread del control sprC no era una clase de control cargada.
Línea 777: la clase FPSpread.vaSpread del control sprTot no era una clase de control cargada.
Línea 786: la clase FPSpread.vaSpread del control sprTot no era una clase de control cargada.
Línea 795: la clase FPSpread.vaSpread del control sprTot no era una clase de control cargada.
Línea 804: la clase FPSpread.vaSpread del control sprTot no era una clase de control cargada.
Línea 813: la clase FPSpread.vaSpread del control sprTot no era una clase de control cargada.
Línea 822: la clase FPSpread.vaSpread del control sprC no era una clase de control cargada.
Línea 831: la clase FPSpread.vaSpread del control sprC no era una clase de control cargada.
Línea 840: la clase FPSpread.vaSpread del control sprC no era una clase de control cargada.
Línea 849: la clase FPSpread.vaSpread del control sprC no era una clase de control cargada.
Línea 858: la clase FPSpread.vaSpread del control sprC no era una clase de control cargada.
Línea 927: la clase FPSpread.vaSpread del control sprCIA no era una clase de control cargada.
Línea 936: la clase FPSpread.vaSpread del control sprTot no era una clase de control cargada.
Línea 945: la clase FPSpread.vaSpread del control sprTot no era una clase de control cargada.
Línea 954: la clase FPSpread.vaSpread del control sprTot no era una clase de control cargada.
Línea 963: la clase FPSpread.vaSpread del control sprTot no era una clase de control cargada.
Línea 972: la clase FPSpread.vaSpread del control sprTot no era una clase de control cargada.
Línea 981: la clase FPSpread.vaSpread del control sprCIA no era una clase de control cargada.
Línea 990: la clase FPSpread.vaSpread del control sprCIA no era una clase de control cargada.
Línea 1032: la clase FPSpread.vaSpread del control sprCIA no era una clase de control cargada.
Línea 1041: la clase FPSpread.vaSpread del control sprCIA no era una clase de control cargada.
Línea 1084: la clase FPSpread.vaSpread del control sprCIA no era una clase de control cargada.
Línea 1093: la clase FPSpread.vaSpread del control sprCIA no era una clase de control cargada.
Línea 1136: la clase FPSpread.vaSpread del control sprCIA no era una clase de control cargada.
Línea 1146: la clase FPSpread.vaSpread del control sprCIA no era una clase de control cargada.
Línea 1217: la clase FPSpread.vaSpread del control sprD no era una clase de control cargada.
Línea 1226: la clase FPSpread.vaSpread del control sprD no era una clase de control cargada.
Línea 1235: la clase FPSpread.vaSpread del control sprD no era una clase de control cargada.
Línea 1244: la clase FPSpread.vaSpread del control sprD no era una clase de control cargada.
Línea 1253: la clase FPSpread.vaSpread del control sprD no era una clase de control cargada.
Línea 1262: la clase FPSpread.vaSpread del control sprCIA no era una clase de control cargada.
Línea 1271: la clase FPSpread.vaSpread del control sprCIA no era una clase de control cargada.
Línea 1280: la clase FPSpread.vaSpread del control sprD no era una clase de control cargada.
Línea 1289: la clase FPSpread.vaSpread del control sprTot no era una clase de control cargada.
Línea 1298: la clase FPSpread.vaSpread del control sprTot no era una clase de control cargada.
Línea 1307: la clase FPSpread.vaSpread del control sprTot no era una clase de control cargada.
Línea 1316: la clase FPSpread.vaSpread del control sprTot no era una clase de control cargada.
Línea 1325: la clase FPSpread.vaSpread del control sprTot no era una clase de control cargada.
Línea 1334: la clase FPSpread.vaSpread del control sprCIA no era una clase de control cargada.
Línea 1403: la clase FPSpread.vaSpread del control sprEZE no era una clase de control cargada.
Línea 1412: la clase FPSpread.vaSpread del control sprEZE no era una clase de control cargada.
Línea 1421: la clase FPSpread.vaSpread del control sprEZE no era una clase de control cargada.
Línea 1430: la clase FPSpread.vaSpread del control sprEZE no era una clase de control cargada.
Línea 1439: la clase FPSpread.vaSpread del control sprEZE no era una clase de control cargada.
Línea 1448: la clase FPSpread.vaSpread del control sprEZE no era una clase de control cargada.
Línea 1457: la clase FPSpread.vaSpread del control sprTot no era una clase de control cargada.
Línea 1466: la clase FPSpread.vaSpread del control sprTot no era una clase de control cargada.
Línea 1475: la clase FPSpread.vaSpread del control sprTot no era una clase de control cargada.
Línea 1484: la clase FPSpread.vaSpread del control sprTot no era una clase de control cargada.
Línea 1493: la clase FPSpread.vaSpread del control sprTot no era una clase de control cargada.
Línea 312: el nombre de la propiedad OleObjectBlob de sprTot no es válido.
Línea 321: el nombre de la propiedad OleObjectBlob de sprTot no es válido.
Línea 330: el nombre de la propiedad OleObjectBlob de sprTot no es válido.
Línea 339: el nombre de la propiedad OleObjectBlob de sprTot no es válido.
Línea 348: el nombre de la propiedad OleObjectBlob de sprTot no es válido.
Línea 357: el nombre de la propiedad OleObjectBlob de sprTot no es válido.
Línea 427: el nombre de la propiedad OleObjectBlob de sprA no es válido.
Línea 436: el nombre de la propiedad OleObjectBlob de sprA no es válido.
Línea 445: el nombre de la propiedad OleObjectBlob de sprA no es válido.
Línea 454: el nombre de la propiedad OleObjectBlob de sprA no es válido.
Línea 463: el nombre de la propiedad OleObjectBlob de sprA no es válido.
Línea 472: el nombre de la propiedad OleObjectBlob de sprA no es válido.
Línea 542: el nombre de la propiedad OleObjectBlob de sprAS no es válido.
Línea 551: el nombre de la propiedad OleObjectBlob de sprAS no es válido.
Línea 560: el nombre de la propiedad OleObjectBlob de sprAS no es válido.
Línea 569: el nombre de la propiedad OleObjectBlob de sprAS no es válido.
Línea 578: el nombre de la propiedad OleObjectBlob de sprAS no es válido.
Línea 587: el nombre de la propiedad OleObjectBlob de sprAS no es válido.
Línea 657: el nombre de la propiedad OleObjectBlob de sprB no es válido.
Línea 666: el nombre de la propiedad OleObjectBlob de sprB no es válido.
Línea 675: el nombre de la propiedad OleObjectBlob de sprB no es válido.
Línea 684: el nombre de la propiedad OleObjectBlob de sprB no es válido.
Línea 693: el nombre de la propiedad OleObjectBlob de sprB no es válido.
Línea 702: el nombre de la propiedad OleObjectBlob de sprB no es válido.
Línea 772: el nombre de la propiedad OleObjectBlob de sprC no es válido.
Línea 781: el nombre de la propiedad OleObjectBlob de sprTot no es válido.
Línea 790: el nombre de la propiedad OleObjectBlob de sprTot no es válido.
Línea 799: el nombre de la propiedad OleObjectBlob de sprTot no es válido.
Línea 808: el nombre de la propiedad OleObjectBlob de sprTot no es válido.
Línea 817: el nombre de la propiedad OleObjectBlob de sprTot no es válido.
Línea 826: el nombre de la propiedad OleObjectBlob de sprC no es válido.
Línea 835: el nombre de la propiedad OleObjectBlob de sprC no es válido.
Línea 844: el nombre de la propiedad OleObjectBlob de sprC no es válido.
Línea 853: el nombre de la propiedad OleObjectBlob de sprC no es válido.
Línea 862: el nombre de la propiedad OleObjectBlob de sprC no es válido.
Línea 931: el nombre de la propiedad OleObjectBlob de sprCIA no es válido.
Línea 940: el nombre de la propiedad OleObjectBlob de sprTot no es válido.
Línea 949: el nombre de la propiedad OleObjectBlob de sprTot no es válido.
Línea 958: el nombre de la propiedad OleObjectBlob de sprTot no es válido.
Línea 967: el nombre de la propiedad OleObjectBlob de sprTot no es válido.
Línea 976: el nombre de la propiedad OleObjectBlob de sprTot no es válido.
Línea 985: el nombre de la propiedad OleObjectBlob de sprCIA no es válido.
Línea 994: el nombre de la propiedad OleObjectBlob de sprCIA no es válido.
Línea 1036: el nombre de la propiedad OleObjectBlob de sprCIA no es válido.
Línea 1045: el nombre de la propiedad OleObjectBlob de sprCIA no es válido.
Línea 1088: el nombre de la propiedad OleObjectBlob de sprCIA no es válido.
Línea 1097: el nombre de la propiedad OleObjectBlob de sprCIA no es válido.
Línea 1141: el nombre de la propiedad OleObjectBlob de sprCIA no es válido.
Línea 1151: el nombre de la propiedad OleObjectBlob de sprCIA no es válido.
Línea 1221: el nombre de la propiedad OleObjectBlob de sprD no es válido.
Línea 1230: el nombre de la propiedad OleObjectBlob de sprD no es válido.
Línea 1239: el nombre de la propiedad OleObjectBlob de sprD no es válido.
Línea 1248: el nombre de la propiedad OleObjectBlob de sprD no es válido.
Línea 1257: el nombre de la propiedad OleObjectBlob de sprD no es válido.
Línea 1266: el nombre de la propiedad OleObjectBlob de sprCIA no es válido.
Línea 1275: el nombre de la propiedad OleObjectBlob de sprCIA no es válido.
Línea 1284: el nombre de la propiedad OleObjectBlob de sprD no es válido.
Línea 1293: el nombre de la propiedad OleObjectBlob de sprTot no es válido.
Línea 1302: el nombre de la propiedad OleObjectBlob de sprTot no es válido.
Línea 1311: el nombre de la propiedad OleObjectBlob de sprTot no es válido.
Línea 1320: el nombre de la propiedad OleObjectBlob de sprTot no es válido.
Línea 1329: el nombre de la propiedad OleObjectBlob de sprTot no es válido.
Línea 1338: el nombre de la propiedad OleObjectBlob de sprCIA no es válido.
Línea 1407: el nombre de la propiedad OleObjectBlob de sprEZE no es válido.
Línea 1416: el nombre de la propiedad OleObjectBlob de sprEZE no es válido.
Línea 1425: el nombre de la propiedad OleObjectBlob de sprEZE no es válido.
Línea 1434: el nombre de la propiedad OleObjectBlob de sprEZE no es válido.
Línea 1443: el nombre de la propiedad OleObjectBlob de sprEZE no es válido.
Línea 1452: el nombre de la propiedad OleObjectBlob de sprEZE no es válido.
Línea 1461: el nombre de la propiedad OleObjectBlob de sprTot no es válido.
Línea 1470: el nombre de la propiedad OleObjectBlob de sprTot no es válido.
Línea 1479: el nombre de la propiedad OleObjectBlob de sprTot no es válido.
Línea 1488: el nombre de la propiedad OleObjectBlob de sprTot no es válido.
Línea 1497: el nombre de la propiedad OleObjectBlob de sprTot no es válido.
