Línea 16: la clase Crystal.CrystalReport del control rptform no era una clase de control cargada.
Línea 399: la clase FPSpread.vaSpread del control sprResDif no era una clase de control cargada.
Línea 495: la clase FPSpread.vaSpread del control SprImpResumen no era una clase de control cargada.
Línea 504: la clase FPSpread.vaSpread del control SprUnidResumen no era una clase de control cargada.
Línea 549: la clase FPSpread.vaSpread del control SprUnid no era una clase de control cargada.
Línea 558: la clase FPSpread.vaSpread del control SprImp no era una clase de control cargada.
Línea 603: la clase FPSpread.vaSpread del control SprUnid no era una clase de control cargada.
Línea 612: la clase FPSpread.vaSpread del control SprImp no era una clase de control cargada.
Línea 657: la clase FPSpread.vaSpread del control SprUnid no era una clase de control cargada.
Línea 666: la clase FPSpread.vaSpread del control SprImp no era una clase de control cargada.
Línea 712: la clase FPSpread.vaSpread del control SprUnid no era una clase de control cargada.
Línea 721: la clase FPSpread.vaSpread del control SprImp no era una clase de control cargada.
Línea 780: la clase FPSpread.vaSpread del control SSTab14 no era una clase de control cargada.
Línea 789: la clase FPSpread.vaSpread del control SSTab7 no era una clase de control cargada.
Línea 833: la clase FPSpread.vaSpread del control SprImpResumen no era una clase de control cargada.
Línea 842: la clase FPSpread.vaSpread del control SprUnidResumen no era una clase de control cargada.
Línea 887: la clase FPSpread.vaSpread del control SprUnid no era una clase de control cargada.
Línea 896: la clase FPSpread.vaSpread del control SprImp no era una clase de control cargada.
Línea 941: la clase FPSpread.vaSpread del control SprUnid no era una clase de control cargada.
Línea 950: la clase FPSpread.vaSpread del control SprImp no era una clase de control cargada.
Línea 995: la clase FPSpread.vaSpread del control SprUnid no era una clase de control cargada.
Línea 1004: la clase FPSpread.vaSpread del control SprImp no era una clase de control cargada.
Línea 1056: la clase FPSpread.vaSpread del control SSTab14 no era una clase de control cargada.
Línea 1065: la clase FPSpread.vaSpread del control SSTab7 no era una clase de control cargada.
Línea 1109: la clase FPSpread.vaSpread del control SprImpResumen no era una clase de control cargada.
Línea 1118: la clase FPSpread.vaSpread del control SprUnidResumen no era una clase de control cargada.
Línea 1163: la clase FPSpread.vaSpread del control SprUnid no era una clase de control cargada.
Línea 1172: la clase FPSpread.vaSpread del control SprImp no era una clase de control cargada.
Línea 1217: la clase FPSpread.vaSpread del control SprUnid no era una clase de control cargada.
Línea 1226: la clase FPSpread.vaSpread del control SprImp no era una clase de control cargada.
Línea 1303: la clase FPSpread.vaSpread del control SSTab14 no era una clase de control cargada.
Línea 1312: la clase FPSpread.vaSpread del control SSTab7 no era una clase de control cargada.
Línea 1356: la clase FPSpread.vaSpread del control SprImpResumen no era una clase de control cargada.
Línea 1365: la clase FPSpread.vaSpread del control SprUnidResumen no era una clase de control cargada.
Línea 1410: la clase FPSpread.vaSpread del control SprUnid no era una clase de control cargada.
Línea 1419: la clase FPSpread.vaSpread del control SprImp no era una clase de control cargada.
Línea 1464: la clase FPSpread.vaSpread del control SprUnid no era una clase de control cargada.
Línea 1473: la clase FPSpread.vaSpread del control SprImp no era una clase de control cargada.
Línea 1518: la clase FPSpread.vaSpread del control SprUnid no era una clase de control cargada.
Línea 1527: la clase FPSpread.vaSpread del control SprImp no era una clase de control cargada.
Línea 1572: la clase FPSpread.vaSpread del control SprUnid no era una clase de control cargada.
Línea 1581: la clase FPSpread.vaSpread del control SprImp no era una clase de control cargada.
Línea 1626: la clase FPSpread.vaSpread del control SprUnid no era una clase de control cargada.
Línea 1635: la clase FPSpread.vaSpread del control SprImp no era una clase de control cargada.
Línea 1680: la clase FPSpread.vaSpread del control SprUnid no era una clase de control cargada.
Línea 1689: la clase FPSpread.vaSpread del control SprImp no era una clase de control cargada.
Línea 1698: la clase FPSpread.vaSpread del control SprUnid no era una clase de control cargada.
Línea 1744: la clase FPSpread.vaSpread del control SprImpTotal no era una clase de control cargada.
Línea 1752: la clase FPSpread.vaSpread del control SprUnidTotal no era una clase de control cargada.
