Línea 203: la clase Crystal.CrystalReport del control rptform no era una clase de control cargada.
Línea 320: la clase FPSpread.vaSpread del control SprRubroPartic no era una clase de control cargada.
Línea 329: la clase FPSpread.vaSpread del control SprRubroUnidades no era una clase de control cargada.
Línea 338: la clase FPSpread.vaSpread del control SprRubroPromedio no era una clase de control cargada.
Línea 347: la clase FPSpread.vaSpread del control SprRubroImporte no era una clase de control cargada.
Línea 396: la clase FPSpread.vaSpread del control SprRubroUnidades no era una clase de control cargada.
Línea 405: la clase FPSpread.vaSpread del control SprRubroPromedio no era una clase de control cargada.
Línea 414: la clase FPSpread.vaSpread del control SprRubroImporte no era una clase de control cargada.
Línea 423: la clase FPSpread.vaSpread del control SprRubroPartic no era una clase de control cargada.
Línea 472: la clase FPSpread.vaSpread del control SprRubroPartic no era una clase de control cargada.
Línea 481: la clase FPSpread.vaSpread del control SprRubroUnidades no era una clase de control cargada.
Línea 490: la clase FPSpread.vaSpread del control SprRubroPromedio no era una clase de control cargada.
Línea 499: la clase FPSpread.vaSpread del control SprRubroImporte no era una clase de control cargada.
Línea 548: la clase FPSpread.vaSpread del control SprRubroPartic no era una clase de control cargada.
Línea 557: la clase FPSpread.vaSpread del control SprRubroUnidades no era una clase de control cargada.
Línea 566: la clase FPSpread.vaSpread del control SprRubroPromedio no era una clase de control cargada.
Línea 575: la clase FPSpread.vaSpread del control SprRubroImporte no era una clase de control cargada.
Línea 624: la clase FPSpread.vaSpread del control SprRubroPartic no era una clase de control cargada.
Línea 633: la clase FPSpread.vaSpread del control SprRubroImporte no era una clase de control cargada.
Línea 642: la clase FPSpread.vaSpread del control SprRubroUnidades no era una clase de control cargada.
Línea 651: la clase FPSpread.vaSpread del control SprRubroPromedio no era una clase de control cargada.
Línea 700: la clase FPSpread.vaSpread del control SprRubroPartic no era una clase de control cargada.
Línea 709: la clase FPSpread.vaSpread del control SprRubroImporte no era una clase de control cargada.
Línea 718: la clase FPSpread.vaSpread del control SprRubroUnidades no era una clase de control cargada.
Línea 727: la clase FPSpread.vaSpread del control SprRubroPromedio no era una clase de control cargada.
Línea 776: la clase FPSpread.vaSpread del control SprRubroPartic no era una clase de control cargada.
Línea 785: la clase FPSpread.vaSpread del control SprRubroImporte no era una clase de control cargada.
Línea 794: la clase FPSpread.vaSpread del control SprRubroUnidades no era una clase de control cargada.
Línea 803: la clase FPSpread.vaSpread del control SprRubroPromedio no era una clase de control cargada.
Línea 852: la clase FPSpread.vaSpread del control SprRubroPartic no era una clase de control cargada.
Línea 861: la clase FPSpread.vaSpread del control SprRubroImporte no era una clase de control cargada.
Línea 870: la clase FPSpread.vaSpread del control SprRubroUnidades no era una clase de control cargada.
Línea 879: la clase FPSpread.vaSpread del control SprRubroPromedio no era una clase de control cargada.
