Línea 133: la clase FPSpread.vaSpread del control sprTotCIA no era una clase de control cargada.
Línea 225: la clase FPSpread.vaSpread del control sprEzeA no era una clase de control cargada.
Línea 234: la clase FPSpread.vaSpread del control sprTot no era una clase de control cargada.
Línea 243: la clase FPSpread.vaSpread del control sprEzeA no era una clase de control cargada.
Línea 252: la clase FPSpread.vaSpread del control sprEzeA no era una clase de control cargada.
Línea 261: la clase FPSpread.vaSpread del control sprEzeA no era una clase de control cargada.
Línea 328: la clase FPSpread.vaSpread del control sprTot no era una clase de control cargada.
Línea 337: la clase FPSpread.vaSpread del control sprEzeB no era una clase de control cargada.
Línea 346: la clase FPSpread.vaSpread del control sprEzeA no era una clase de control cargada.
Línea 355: la clase FPSpread.vaSpread del control sprEzeA no era una clase de control cargada.
Línea 364: la clase FPSpread.vaSpread del control sprEzeA no era una clase de control cargada.
Línea 373: la clase FPSpread.vaSpread del control sprEzeB no era una clase de control cargada.
Línea 382: la clase FPSpread.vaSpread del control sprEzeB no era una clase de control cargada.
Línea 433: la clase FPSpread.vaSpread del control sprTot no era una clase de control cargada.
Línea 442: la clase FPSpread.vaSpread del control sprAep no era una clase de control cargada.
Línea 451: la clase FPSpread.vaSpread del control sprEzeB no era una clase de control cargada.
Línea 460: la clase FPSpread.vaSpread del control sprEzeB no era una clase de control cargada.
Línea 469: la clase FPSpread.vaSpread del control sprEzeA no era una clase de control cargada.
Línea 478: la clase FPSpread.vaSpread del control sprEzeA no era una clase de control cargada.
Línea 487: la clase FPSpread.vaSpread del control sprEzeA no era una clase de control cargada.
Línea 496: la clase FPSpread.vaSpread del control sprAep no era una clase de control cargada.
Línea 136: el nombre de la propiedad OleObjectBlob de sprTotCIA no es válido.
Línea 229: el nombre de la propiedad OleObjectBlob de sprEzeA no es válido.
Línea 238: el nombre de la propiedad OleObjectBlob de sprTot no es válido.
Línea 247: el nombre de la propiedad OleObjectBlob de sprEzeA no es válido.
Línea 256: el nombre de la propiedad OleObjectBlob de sprEzeA no es válido.
Línea 265: el nombre de la propiedad OleObjectBlob de sprEzeA no es válido.
Línea 332: el nombre de la propiedad OleObjectBlob de sprTot no es válido.
Línea 341: el nombre de la propiedad OleObjectBlob de sprEzeB no es válido.
Línea 350: el nombre de la propiedad OleObjectBlob de sprEzeA no es válido.
Línea 359: el nombre de la propiedad OleObjectBlob de sprEzeA no es válido.
Línea 368: el nombre de la propiedad OleObjectBlob de sprEzeA no es válido.
Línea 377: el nombre de la propiedad OleObjectBlob de sprEzeB no es válido.
Línea 386: el nombre de la propiedad OleObjectBlob de sprEzeB no es válido.
Línea 437: el nombre de la propiedad OleObjectBlob de sprTot no es válido.
Línea 446: el nombre de la propiedad OleObjectBlob de sprAep no es válido.
Línea 455: el nombre de la propiedad OleObjectBlob de sprEzeB no es válido.
Línea 464: el nombre de la propiedad OleObjectBlob de sprEzeB no es válido.
Línea 473: el nombre de la propiedad OleObjectBlob de sprEzeA no es válido.
Línea 482: el nombre de la propiedad OleObjectBlob de sprEzeA no es válido.
Línea 491: el nombre de la propiedad OleObjectBlob de sprEzeA no es válido.
Línea 500: el nombre de la propiedad OleObjectBlob de sprAep no es válido.
