Línea 511: la clase FPSpread.vaSpread del control sprTotal no era una clase de control cargada.
Línea 520: la clase FPSpread.vaSpread del control sprTotal no era una clase de control cargada.
Línea 529: la clase FPSpread.vaSpread del control sprTotal no era una clase de control cargada.
Línea 538: la clase FPSpread.vaSpread del control sprTotal no era una clase de control cargada.
Línea 547: la clase FPSpread.vaSpread del control sprTotal no era una clase de control cargada.
Línea 596: la clase FPSpread.vaSpread del control sprGA no era una clase de control cargada.
Línea 605: la clase FPSpread.vaSpread del control sprGA no era una clase de control cargada.
Línea 614: la clase FPSpread.vaSpread del control sprGA no era una clase de control cargada.
Línea 663: la clase FPSpread.vaSpread del control sprGB no era una clase de control cargada.
Línea 672: la clase FPSpread.vaSpread del control sprGB no era una clase de control cargada.
Línea 681: la clase FPSpread.vaSpread del control sprGB no era una clase de control cargada.
Línea 730: la clase FPSpread.vaSpread del control sprGC no era una clase de control cargada.
Línea 739: la clase FPSpread.vaSpread del control sprGC no era una clase de control cargada.
Línea 748: la clase FPSpread.vaSpread del control sprGC no era una clase de control cargada.
Línea 515: el nombre de la propiedad OleObjectBlob de sprTotal no es válido.
Línea 524: el nombre de la propiedad OleObjectBlob de sprTotal no es válido.
Línea 533: el nombre de la propiedad OleObjectBlob de sprTotal no es válido.
Línea 542: el nombre de la propiedad OleObjectBlob de sprTotal no es válido.
Línea 551: el nombre de la propiedad OleObjectBlob de sprTotal no es válido.
Línea 600: el nombre de la propiedad OleObjectBlob de sprGA no es válido.
Línea 609: el nombre de la propiedad OleObjectBlob de sprGA no es válido.
Línea 618: el nombre de la propiedad OleObjectBlob de sprGA no es válido.
Línea 667: el nombre de la propiedad OleObjectBlob de sprGB no es válido.
Línea 676: el nombre de la propiedad OleObjectBlob de sprGB no es válido.
Línea 685: el nombre de la propiedad OleObjectBlob de sprGB no es válido.
Línea 734: el nombre de la propiedad OleObjectBlob de sprGC no es válido.
Línea 743: el nombre de la propiedad OleObjectBlob de sprGC no es válido.
Línea 752: el nombre de la propiedad OleObjectBlob de sprGC no es válido.
