Línea 221: la clase Crystal.CrystalReport del control rptform no era una clase de control cargada.
Línea 417: la clase FPSpread.vaSpread del control SprRubroImporte no era una clase de control cargada.
Línea 426: la clase FPSpread.vaSpread del control SprRubroUnidades no era una clase de control cargada.
Línea 435: la clase FPSpread.vaSpread del control SprRubroPromedio no era una clase de control cargada.
Línea 444: la clase FPSpread.vaSpread del control SprRubroPartic no era una clase de control cargada.
Línea 501: la clase FPSpread.vaSpread del control SprRubroImporte no era una clase de control cargada.
Línea 510: la clase FPSpread.vaSpread del control SprRubroUnidades no era una clase de control cargada.
Línea 519: la clase FPSpread.vaSpread del control SprRubroPromedio no era una clase de control cargada.
Línea 528: la clase FPSpread.vaSpread del control SprRubroPartic no era una clase de control cargada.
Línea 585: la clase FPSpread.vaSpread del control SprRubroImporte no era una clase de control cargada.
Línea 594: la clase FPSpread.vaSpread del control SprRubroUnidades no era una clase de control cargada.
Línea 603: la clase FPSpread.vaSpread del control SprRubroPromedio no era una clase de control cargada.
Línea 612: la clase FPSpread.vaSpread del control SprRubroPartic no era una clase de control cargada.
Línea 669: la clase FPSpread.vaSpread del control SprRubroImporte no era una clase de control cargada.
Línea 678: la clase FPSpread.vaSpread del control SprRubroUnidades no era una clase de control cargada.
Línea 687: la clase FPSpread.vaSpread del control SprRubroPromedio no era una clase de control cargada.
Línea 696: la clase FPSpread.vaSpread del control SprRubroPartic no era una clase de control cargada.
Línea 753: la clase FPSpread.vaSpread del control SprRubroImporte no era una clase de control cargada.
Línea 762: la clase FPSpread.vaSpread del control SprRubroUnidades no era una clase de control cargada.
Línea 771: la clase FPSpread.vaSpread del control SprRubroPromedio no era una clase de control cargada.
Línea 780: la clase FPSpread.vaSpread del control SprRubroPartic no era una clase de control cargada.
Línea 837: la clase FPSpread.vaSpread del control SprRubroImporte no era una clase de control cargada.
Línea 846: la clase FPSpread.vaSpread del control SprRubroUnidades no era una clase de control cargada.
Línea 855: la clase FPSpread.vaSpread del control SprRubroPromedio no era una clase de control cargada.
Línea 864: la clase FPSpread.vaSpread del control SprRubroPartic no era una clase de control cargada.
Línea 921: la clase FPSpread.vaSpread del control SprRubroImporte no era una clase de control cargada.
Línea 930: la clase FPSpread.vaSpread del control SprRubroUnidades no era una clase de control cargada.
Línea 939: la clase FPSpread.vaSpread del control SprRubroPromedio no era una clase de control cargada.
Línea 948: la clase FPSpread.vaSpread del control SprRubroPartic no era una clase de control cargada.
Línea 1005: la clase FPSpread.vaSpread del control SprRubroImporte no era una clase de control cargada.
Línea 1014: la clase FPSpread.vaSpread del control SprRubroUnidades no era una clase de control cargada.
Línea 1023: la clase FPSpread.vaSpread del control SprRubroPromedio no era una clase de control cargada.
Línea 1032: la clase FPSpread.vaSpread del control SprRubroPartic no era una clase de control cargada.
Línea 1089: la clase FPSpread.vaSpread del control SprRubroImporte no era una clase de control cargada.
Línea 1098: la clase FPSpread.vaSpread del control SprRubroUnidades no era una clase de control cargada.
Línea 1107: la clase FPSpread.vaSpread del control SprRubroPromedio no era una clase de control cargada.
Línea 1116: la clase FPSpread.vaSpread del control SprRubroPartic no era una clase de control cargada.
Línea 1173: la clase FPSpread.vaSpread del control SprRubroImporte no era una clase de control cargada.
Línea 1182: la clase FPSpread.vaSpread del control SprRubroUnidades no era una clase de control cargada.
Línea 1191: la clase FPSpread.vaSpread del control SprRubroPromedio no era una clase de control cargada.
Línea 1200: la clase FPSpread.vaSpread del control SprRubroPartic no era una clase de control cargada.
Línea 1257: la clase FPSpread.vaSpread del control SprRubroImporte no era una clase de control cargada.
Línea 1266: la clase FPSpread.vaSpread del control SprRubroUnidades no era una clase de control cargada.
Línea 1275: la clase FPSpread.vaSpread del control SprRubroPromedio no era una clase de control cargada.
Línea 1284: la clase FPSpread.vaSpread del control SprRubroPartic no era una clase de control cargada.
Línea 1341: la clase FPSpread.vaSpread del control SprRubroImporte no era una clase de control cargada.
Línea 1350: la clase FPSpread.vaSpread del control SprRubroUnidades no era una clase de control cargada.
Línea 1359: la clase FPSpread.vaSpread del control SprRubroPromedio no era una clase de control cargada.
Línea 1368: la clase FPSpread.vaSpread del control SprRubroPartic no era una clase de control cargada.
Línea 1425: la clase FPSpread.vaSpread del control SprRubroPartic no era una clase de control cargada.
Línea 1434: la clase FPSpread.vaSpread del control SprRubroImporte no era una clase de control cargada.
Línea 1443: la clase FPSpread.vaSpread del control SprRubroUnidades no era una clase de control cargada.
Línea 1452: la clase FPSpread.vaSpread del control SprRubroPromedio no era una clase de control cargada.
Línea 1509: la clase FPSpread.vaSpread del control SprRubroPartic no era una clase de control cargada.
Línea 1518: la clase FPSpread.vaSpread del control SprRubroImporte no era una clase de control cargada.
Línea 1527: la clase FPSpread.vaSpread del control SprRubroUnidades no era una clase de control cargada.
Línea 1536: la clase FPSpread.vaSpread del control SprRubroPromedio no era una clase de control cargada.
Línea 1593: la clase FPSpread.vaSpread del control SprRubroPartic no era una clase de control cargada.
Línea 1602: la clase FPSpread.vaSpread del control SprRubroImporte no era una clase de control cargada.
Línea 1611: la clase FPSpread.vaSpread del control SprRubroUnidades no era una clase de control cargada.
Línea 1620: la clase FPSpread.vaSpread del control SprRubroPromedio no era una clase de control cargada.
Línea 1677: la clase FPSpread.vaSpread del control SprRubroPartic no era una clase de control cargada.
Línea 1686: la clase FPSpread.vaSpread del control SprRubroImporte no era una clase de control cargada.
Línea 1695: la clase FPSpread.vaSpread del control SprRubroUnidades no era una clase de control cargada.
Línea 1704: la clase FPSpread.vaSpread del control SprRubroPromedio no era una clase de control cargada.
Línea 1761: la clase FPSpread.vaSpread del control SprRubroPartic no era una clase de control cargada.
Línea 1770: la clase FPSpread.vaSpread del control SprRubroUnidades no era una clase de control cargada.
Línea 1779: la clase FPSpread.vaSpread del control SprRubroPromedio no era una clase de control cargada.
Línea 1788: la clase FPSpread.vaSpread del control SprRubroImporte no era una clase de control cargada.
Línea 1845: la clase FPSpread.vaSpread del control SprRubroPartic no era una clase de control cargada.
Línea 1854: la clase FPSpread.vaSpread del control SprRubroUnidades no era una clase de control cargada.
Línea 1863: la clase FPSpread.vaSpread del control SprRubroPromedio no era una clase de control cargada.
Línea 1872: la clase FPSpread.vaSpread del control SprRubroImporte no era una clase de control cargada.
Línea 1929: la clase FPSpread.vaSpread del control SprRubroUnidades no era una clase de control cargada.
Línea 1938: la clase FPSpread.vaSpread del control SprRubroPromedio no era una clase de control cargada.
Línea 1947: la clase FPSpread.vaSpread del control SprRubroImporte no era una clase de control cargada.
Línea 1956: la clase FPSpread.vaSpread del control SprRubroPartic no era una clase de control cargada.
Línea 2013: la clase FPSpread.vaSpread del control SprRubroPartic no era una clase de control cargada.
Línea 2022: la clase FPSpread.vaSpread del control SprRubroUnidades no era una clase de control cargada.
Línea 2031: la clase FPSpread.vaSpread del control SprRubroPromedio no era una clase de control cargada.
Línea 2040: la clase FPSpread.vaSpread del control SprRubroImporte no era una clase de control cargada.
